<?xml version="1.0" encoding="UTF-8"?>
<!-- Generated by org.testng.reporters.JUnitXMLReporter -->
<testsuite ignored="13" hostname="DESKTOP-48VL68K" failures="0" tests="7" name="Test" time="65.207" errors="0" timestamp="2025-02-05T17:54:00 IST">
  <testcase classname="testcases.CheckoutPageTest" name="verifyErrorMsgForFirstNameTest" time="1.372"/>
  <testcase classname="testcases.CheckoutPageTest" name="verifyErrorMsgForPostalCodeTest" time="0.438"/>
  <testcase classname="testcases.InventoryPageTest" name="verifyFacebookLogoTest" time="0.112"/>
  <testcase classname="testcases.InventoryPageTest" name="verifyLinkedInLogoTest" time="0.113"/>
  <testcase classname="testcases.InventoryPageTest" name="verifyShoppingCartLogoTest" time="0.129"/>
  <testcase classname="testcases.InventoryPageTest" name="verifyShppingCartFunctionalityTest" time="1.265"/>
  <testcase classname="testcases.InventoryPageTest" name="verifyTwitterLogoTest" time="0.151"/>
  <testcase classname="testcases.CheckoutPageTest" name="enterYourInformationToContinueTest" time="0.0">
    <ignored/>
  </testcase> <!-- enterYourInformationToContinueTest -->
  <testcase classname="testcases.CheckoutPageTest" name="verifyCancleBtnTxtTest" time="0.0">
    <ignored/>
  </testcase> <!-- verifyCancleBtnTxtTest -->
  <testcase classname="testcases.CheckoutPageTest" name="verifyCancleBtnFunctionalityTest" time="0.0">
    <ignored/>
  </testcase> <!-- verifyCancleBtnFunctionalityTest -->
  <testcase classname="testcases.InventoryPageTest" name="remove2ProductsTest" time="0.0">
    <ignored/>
  </testcase> <!-- remove2ProductsTest -->
  <testcase classname="testcases.CheckoutPageTest" name="verifyErrorMsgForLastNameTest" time="0.0">
    <ignored/>
  </testcase> <!-- verifyErrorMsgForLastNameTest -->
  <testcase classname="testcases.InventoryPageTest" name="verifyFooterTxtTest" time="0.0">
    <ignored/>
  </testcase> <!-- verifyFooterTxtTest -->
  <testcase classname="testcases.CheckoutPageTest" name="verifyCheckoutYourInformationTxtTest" time="0.0">
    <ignored/>
  </testcase> <!-- verifyCheckoutYourInformationTxtTest -->
  <testcase classname="testcases.CheckoutPageTest" name="ververifyContinueBtnTest" time="0.0">
    <ignored/>
  </testcase> <!-- ververifyContinueBtnTest -->
  <testcase classname="testcases.InventoryPageTest" name="verfySwagLabTxtTest" time="0.0">
    <ignored/>
  </testcase> <!-- verfySwagLabTxtTest -->
  <testcase classname="testcases.CheckoutPageTest" name="ververifyCancleBtnTest" time="0.0">
    <ignored/>
  </testcase> <!-- ververifyCancleBtnTest -->
  <testcase classname="testcases.InventoryPageTest" name="verifyProductsTxtTest" time="0.0">
    <ignored/>
  </testcase> <!-- verifyProductsTxtTest -->
  <testcase classname="testcases.InventoryPageTest" name="add6ProductsTest" time="0.0">
    <ignored/>
  </testcase> <!-- add6ProductsTest -->
  <testcase classname="testcases.InventoryPageTest" name="verifyDropDownItemAToZTest" time="0.0">
    <ignored/>
  </testcase> <!-- verifyDropDownItemAToZTest -->
</testsuite> <!-- Test -->
