<?xml version="1.0" encoding="UTF-8"?>
<!-- Generated by org.testng.reporters.JUnitXMLReporter -->
<testsuite ignored="12" hostname="DESKTOP-48VL68K" failures="0" tests="1" name="Default test" time="13.792" errors="0" timestamp="2025-02-11T23:04:54 IST">
  <testcase classname="testcases.CheckoutStepTwoTest" name="verifySubtoTotalabelTest" time="0.052"/>
  <testcase classname="testcases.CheckoutStepTwoTest" name="verifyCancelBtnTest" time="0.0">
    <ignored/>
  </testcase> <!-- verifyCancelBtnTest -->
  <testcase classname="testcases.CheckoutStepTwoTest" name="verifyfinishBtnTest" time="0.0">
    <ignored/>
  </testcase> <!-- verifyfinishBtnTest -->
  <testcase classname="testcases.CheckoutStepTwoTest" name="verifyPaymentValueTest" time="0.0">
    <ignored/>
  </testcase> <!-- verifyPaymentValueTest -->
  <testcase classname="testcases.CheckoutStepTwoTest" name="verifyFinishBtnTxtTest" time="0.0">
    <ignored/>
  </testcase> <!-- verifyFinishBtnTxtTest -->
  <testcase classname="testcases.CheckoutStepTwoTest" name="verifyPaymentInformationTxtTest" time="0.0">
    <ignored/>
  </testcase> <!-- verifyPaymentInformationTxtTest -->
  <testcase classname="testcases.CheckoutStepTwoTest" name="verifyshippingValueTest" time="0.0">
    <ignored/>
  </testcase> <!-- verifyshippingValueTest -->
  <testcase classname="testcases.CheckoutStepTwoTest" name="verifyCancelBtnTxtTest" time="0.0">
    <ignored/>
  </testcase> <!-- verifyCancelBtnTxtTest -->
  <testcase classname="testcases.CheckoutStepTwoTest" name="verifyTotalLabelTest" time="0.0">
    <ignored/>
  </testcase> <!-- verifyTotalLabelTest -->
  <testcase classname="testcases.CheckoutStepTwoTest" name="verifyTotalPriceTxtTest" time="0.0">
    <ignored/>
  </testcase> <!-- verifyTotalPriceTxtTest -->
  <testcase classname="testcases.CheckoutStepTwoTest" name="verifyTaxLabelTest" time="0.0">
    <ignored/>
  </testcase> <!-- verifyTaxLabelTest -->
  <testcase classname="testcases.CheckoutStepTwoTest" name="verifyCheckoutOverviewTxtTest" time="0.0">
    <ignored/>
  </testcase> <!-- verifyCheckoutOverviewTxtTest -->
  <testcase classname="testcases.CheckoutStepTwoTest" name="verifyshippingInformationTxtTest" time="0.0">
    <ignored/>
  </testcase> <!-- verifyshippingInformationTxtTest -->
</testsuite> <!-- Default test -->
