<html>
<head>
<title>TestNG:  Test</title>
<link href="../testng.css" rel="stylesheet" type="text/css" />
<link href="../my-testng.css" rel="stylesheet" type="text/css" />

<style type="text/css">
.log { display: none;} 
.stack-trace { display: none;} 
</style>
<script type="text/javascript">
<!--
function flip(e) {
  current = e.style.display;
  if (current == 'block') {
    e.style.display = 'none';
    return 0;
  }
  else {
    e.style.display = 'block';
    return 1;
  }
}

function toggleBox(szDivId, elem, msg1, msg2)
{
  var res = -1;  if (document.getElementById) {
    res = flip(document.getElementById(szDivId));
  }
  else if (document.all) {
    // this is the way old msie versions work
    res = flip(document.all[szDivId]);
  }
  if(elem) {
    if(res == 0) elem.innerHTML = msg1; else elem.innerHTML = msg2;
  }

}

function toggleAllBoxes() {
  if (document.getElementsByTagName) {
    d = document.getElementsByTagName('div');
    for (i = 0; i < d.length; i++) {
      if (d[i].className == 'log') {
        flip(d[i]);
      }
    }
  }
}

// -->
</script>

</head>
<body>
<h2 align='center'>Test</h2><table border='1' align="center">
<tr>
<td>Tests passed/Failed/Skipped:</td><td>19/2/0</td>
</tr><tr>
<td>Started on:</td><td>Tue Feb 04 16:40:48 IST 2025</td>
</tr>
<tr><td>Total time:</td><td>248 seconds (248542 ms)</td>
</tr><tr>
<td>Included groups:</td><td></td>
</tr><tr>
<td>Excluded groups:</td><td></td>
</tr>
</table><p/>
<small><i>(Hover the method name to see the test class name)</i></small><p/>
<table width='100%' border='1' class='invocation-failed'>
<tr><td colspan='4' align='center'><b>FAILED TESTS</b></td></tr>
<tr><td><b>Test method</b></td>
<td><b>Attribute(s)</b></td>
<td width="30%"><b>Exception</b></td>
<td width="10%"><b>Time (seconds)</b></td>
<td><b>Instance</b></td>
</tr>
<tr>
<td title='testcases.InventoryPageTest.verfySwagLabTxtTest()'><b>verfySwagLabTxtTest</b><br>Test class: testcases.InventoryPageTest</td>
<td><div><pre>java.lang.AssertionError: expected [Swag Labs] but found [Swag Labs1]
	at testcases.InventoryPageTest.verfySwagLabTxtTest(InventoryPageTest.java:74)
	at java.base/java.util.ArrayList.forEach(ArrayList.java:1511)
... Removed 33 stack frames</pre></div><a href='#' onClick='toggleBox("stack-trace1010068549", this, "Click to show all stack frames", "Click to hide stack frames")'>Click to show all stack frames</a>
<div class='stack-trace' id='stack-trace1010068549'><pre>java.lang.AssertionError: expected [Swag Labs] but found [Swag Labs1]
	at org.testng.Assert.fail(Assert.java:110)
	at org.testng.Assert.failNotEquals(Assert.java:1577)
	at org.testng.Assert.assertEqualsImpl(Assert.java:149)
	at org.testng.Assert.assertEquals(Assert.java:131)
	at org.testng.Assert.assertEquals(Assert.java:655)
	at org.testng.Assert.assertEquals(Assert.java:665)
	at testcases.InventoryPageTest.verfySwagLabTxtTest(InventoryPageTest.java:74)
	at java.base/jdk.internal.reflect.NativeMethodAccessorImpl.invoke0(Native Method)
	at java.base/jdk.internal.reflect.NativeMethodAccessorImpl.invoke(NativeMethodAccessorImpl.java:77)
	at java.base/jdk.internal.reflect.DelegatingMethodAccessorImpl.invoke(DelegatingMethodAccessorImpl.java:43)
	at java.base/java.lang.reflect.Method.invoke(Method.java:568)
	at org.testng.internal.invokers.MethodInvocationHelper.invokeMethod(MethodInvocationHelper.java:139)
	at org.testng.internal.invokers.TestInvoker.invokeMethod(TestInvoker.java:677)
	at org.testng.internal.invokers.TestInvoker.invokeTestMethod(TestInvoker.java:221)
	at org.testng.internal.invokers.MethodRunner.runInSequence(MethodRunner.java:50)
	at org.testng.internal.invokers.TestInvoker$MethodInvocationAgent.invoke(TestInvoker.java:969)
	at org.testng.internal.invokers.TestInvoker.invokeTestMethods(TestInvoker.java:194)
	at org.testng.internal.invokers.TestMethodWorker.invokeTestMethods(TestMethodWorker.java:148)
	at org.testng.internal.invokers.TestMethodWorker.run(TestMethodWorker.java:128)
	at java.base/java.util.ArrayList.forEach(ArrayList.java:1511)
	at org.testng.TestRunner.privateRun(TestRunner.java:829)
	at org.testng.TestRunner.run(TestRunner.java:602)
	at org.testng.SuiteRunner.runTest(SuiteRunner.java:437)
	at org.testng.SuiteRunner.runSequentially(SuiteRunner.java:431)
	at org.testng.SuiteRunner.privateRun(SuiteRunner.java:391)
	at org.testng.SuiteRunner.run(SuiteRunner.java:330)
	at org.testng.SuiteRunnerWorker.runSuite(SuiteRunnerWorker.java:52)
	at org.testng.SuiteRunnerWorker.run(SuiteRunnerWorker.java:95)
	at org.testng.TestNG.runSuitesSequentially(TestNG.java:1256)
	at org.testng.TestNG.runSuitesLocally(TestNG.java:1176)
	at org.testng.TestNG.runSuites(TestNG.java:1099)
	at org.testng.TestNG.run(TestNG.java:1067)
	at org.testng.remote.AbstractRemoteTestNG.run(AbstractRemoteTestNG.java:115)
	at org.testng.remote.RemoteTestNG.initAndRun(RemoteTestNG.java:293)
	at org.testng.remote.RemoteTestNG.main(RemoteTestNG.java:91)
</pre></div></td>
<td>0</td>
<td>testcases.InventoryPageTest@795509d9</td></tr>
<tr>
<td title='testcases.CheckoutPageTest.verifyContinueBtnTxtTest()'><b>verifyContinueBtnTxtTest</b><br>Test class: testcases.CheckoutPageTest</td>
<td><div><pre>java.lang.AssertionError: expected [] but found [Continue]
	at testcases.CheckoutPageTest.verifyContinueBtnTxtTest(CheckoutPageTest.java:71)
	at java.base/java.util.ArrayList.forEach(ArrayList.java:1511)
... Removed 33 stack frames</pre></div><a href='#' onClick='toggleBox("stack-trace1175146719", this, "Click to show all stack frames", "Click to hide stack frames")'>Click to show all stack frames</a>
<div class='stack-trace' id='stack-trace1175146719'><pre>java.lang.AssertionError: expected [] but found [Continue]
	at org.testng.Assert.fail(Assert.java:110)
	at org.testng.Assert.failNotEquals(Assert.java:1577)
	at org.testng.Assert.assertEqualsImpl(Assert.java:149)
	at org.testng.Assert.assertEquals(Assert.java:131)
	at org.testng.Assert.assertEquals(Assert.java:655)
	at org.testng.Assert.assertEquals(Assert.java:665)
	at testcases.CheckoutPageTest.verifyContinueBtnTxtTest(CheckoutPageTest.java:71)
	at java.base/jdk.internal.reflect.NativeMethodAccessorImpl.invoke0(Native Method)
	at java.base/jdk.internal.reflect.NativeMethodAccessorImpl.invoke(NativeMethodAccessorImpl.java:77)
	at java.base/jdk.internal.reflect.DelegatingMethodAccessorImpl.invoke(DelegatingMethodAccessorImpl.java:43)
	at java.base/java.lang.reflect.Method.invoke(Method.java:568)
	at org.testng.internal.invokers.MethodInvocationHelper.invokeMethod(MethodInvocationHelper.java:139)
	at org.testng.internal.invokers.TestInvoker.invokeMethod(TestInvoker.java:677)
	at org.testng.internal.invokers.TestInvoker.invokeTestMethod(TestInvoker.java:221)
	at org.testng.internal.invokers.MethodRunner.runInSequence(MethodRunner.java:50)
	at org.testng.internal.invokers.TestInvoker$MethodInvocationAgent.invoke(TestInvoker.java:969)
	at org.testng.internal.invokers.TestInvoker.invokeTestMethods(TestInvoker.java:194)
	at org.testng.internal.invokers.TestMethodWorker.invokeTestMethods(TestMethodWorker.java:148)
	at org.testng.internal.invokers.TestMethodWorker.run(TestMethodWorker.java:128)
	at java.base/java.util.ArrayList.forEach(ArrayList.java:1511)
	at org.testng.TestRunner.privateRun(TestRunner.java:829)
	at org.testng.TestRunner.run(TestRunner.java:602)
	at org.testng.SuiteRunner.runTest(SuiteRunner.java:437)
	at org.testng.SuiteRunner.runSequentially(SuiteRunner.java:431)
	at org.testng.SuiteRunner.privateRun(SuiteRunner.java:391)
	at org.testng.SuiteRunner.run(SuiteRunner.java:330)
	at org.testng.SuiteRunnerWorker.runSuite(SuiteRunnerWorker.java:52)
	at org.testng.SuiteRunnerWorker.run(SuiteRunnerWorker.java:95)
	at org.testng.TestNG.runSuitesSequentially(TestNG.java:1256)
	at org.testng.TestNG.runSuitesLocally(TestNG.java:1176)
	at org.testng.TestNG.runSuites(TestNG.java:1099)
	at org.testng.TestNG.run(TestNG.java:1067)
	at org.testng.remote.AbstractRemoteTestNG.run(AbstractRemoteTestNG.java:115)
	at org.testng.remote.RemoteTestNG.initAndRun(RemoteTestNG.java:293)
	at org.testng.remote.RemoteTestNG.main(RemoteTestNG.java:91)
</pre></div></td>
<td>0</td>
<td>testcases.CheckoutPageTest@2892d68</td></tr>
</table><p>
<table width='100%' border='1' class='invocation-passed'>
<tr><td colspan='4' align='center'><b>PASSED TESTS</b></td></tr>
<tr><td><b>Test method</b></td>
<td><b>Attribute(s)</b></td>
<td width="30%"><b>Exception</b></td>
<td width="10%"><b>Time (seconds)</b></td>
<td><b>Instance</b></td>
</tr>
<tr>
<td title='testcases.InventoryPageTest.verifyDropDownItemAToZTest()'><b>verifyDropDownItemAToZTest</b><br>Test class: testcases.InventoryPageTest<br/>
<a href="#Output-1614761534" onClick='toggleBox("Output-1614761534", this, "Show output", "Hide output");'>Show output</a>

<a href="#Output-1614761534" onClick="toggleAllBoxes();">Show all outputs</a>
<div class='log' id="Output-1614761534">
Name (A to Z) option is present=Name (A to Z)<br/>
</div>
</td>
<td></td>
<td>0</td>
<td>testcases.InventoryPageTest@795509d9</td></tr>
<tr>
<td title='testcases.InventoryPageTest.verifyLinkedInLogoTest()'><b>verifyLinkedInLogoTest</b><br>Test class: testcases.InventoryPageTest<br/>
<a href="#Output-655068202" onClick='toggleBox("Output-655068202", this, "Show output", "Hide output");'>Show output</a>

<a href="#Output-655068202" onClick="toggleAllBoxes();">Show all outputs</a>
<div class='log' id="Output-655068202">
linkedin logo is presnet=true<br/>
</div>
</td>
<td></td>
<td>0</td>
<td>testcases.InventoryPageTest@795509d9</td></tr>
<tr>
<td title='testcases.CheckoutPageTest.verifyErrorMsgForLastNameTest()'><b>verifyErrorMsgForLastNameTest</b><br>Test class: testcases.CheckoutPageTest<br/>
<a href="#Output-1344345219" onClick='toggleBox("Output-1344345219", this, "Show output", "Hide output");'>Show output</a>

<a href="#Output-1344345219" onClick="toggleAllBoxes();">Show all outputs</a>
<div class='log' id="Output-1344345219">
error msg if last name text box is empty=Error: Last Name is required<br/>
</div>
</td>
<td></td>
<td>0</td>
<td>testcases.CheckoutPageTest@2892d68</td></tr>
<tr>
<td title='testcases.CheckoutPageTest.ververifyContinueBtnTest()'><b>ververifyContinueBtnTest</b><br>Test class: testcases.CheckoutPageTest<br/>
<a href="#Output-1644529474" onClick='toggleBox("Output-1644529474", this, "Show output", "Hide output");'>Show output</a>

<a href="#Output-1644529474" onClick="toggleAllBoxes();">Show all outputs</a>
<div class='log' id="Output-1644529474">
continue button is present=true<br/>
</div>
</td>
<td></td>
<td>0</td>
<td>testcases.CheckoutPageTest@2892d68</td></tr>
<tr>
<td title='testcases.CheckoutPageTest.ververifyCancleBtnTest()'><b>ververifyCancleBtnTest</b><br>Test class: testcases.CheckoutPageTest<br/>
<a href="#Output-1386903362" onClick='toggleBox("Output-1386903362", this, "Show output", "Hide output");'>Show output</a>

<a href="#Output-1386903362" onClick="toggleAllBoxes();">Show all outputs</a>
<div class='log' id="Output-1386903362">
cancel button is present=true<br/>
</div>
</td>
<td></td>
<td>0</td>
<td>testcases.CheckoutPageTest@2892d68</td></tr>
<tr>
<td title='testcases.CheckoutPageTest.verifyCancleBtnFunctionalityTest()'><b>verifyCancleBtnFunctionalityTest</b><br>Test class: testcases.CheckoutPageTest<br/>
<a href="#Output-246168102" onClick='toggleBox("Output-246168102", this, "Show output", "Hide output");'>Show output</a>

<a href="#Output-246168102" onClick="toggleAllBoxes();">Show all outputs</a>
<div class='log' id="Output-246168102">
After cancel navigate to=https://www.saucedemo.com/cart.html<br/>
</div>
</td>
<td></td>
<td>0</td>
<td>testcases.CheckoutPageTest@2892d68</td></tr>
<tr>
<td title='testcases.CheckoutPageTest.enterYourInformationToContinueTest()'><b>enterYourInformationToContinueTest</b><br>Test class: testcases.CheckoutPageTest<br/>
<a href="#Output-1081635795" onClick='toggleBox("Output-1081635795", this, "Show output", "Hide output");'>Show output</a>

<a href="#Output-1081635795" onClick="toggleAllBoxes();">Show all outputs</a>
<div class='log' id="Output-1081635795">
After checkout navigate to=https://www.saucedemo.com/checkout-step-two.html<br/>
</div>
</td>
<td></td>
<td>1</td>
<td>testcases.CheckoutPageTest@2892d68</td></tr>
<tr>
<td title='testcases.InventoryPageTest.verifyFooterTxtTest()'><b>verifyFooterTxtTest</b><br>Test class: testcases.InventoryPageTest<br/>
<a href="#Output-1108589630" onClick='toggleBox("Output-1108589630", this, "Show output", "Hide output");'>Show output</a>

<a href="#Output-1108589630" onClick="toggleAllBoxes();">Show all outputs</a>
<div class='log' id="Output-1108589630">
footer  txt is=Â© 2025 Sauce Labs. All Rights Reserved. Terms of Service | Privacy Policy<br/>
</div>
</td>
<td></td>
<td>0</td>
<td>testcases.InventoryPageTest@795509d9</td></tr>
<tr>
<td title='testcases.InventoryPageTest.verifyShoppingCartLogoTest()'><b>verifyShoppingCartLogoTest</b><br>Test class: testcases.InventoryPageTest<br/>
<a href="#Output-1554303114" onClick='toggleBox("Output-1554303114", this, "Show output", "Hide output");'>Show output</a>

<a href="#Output-1554303114" onClick="toggleAllBoxes();">Show all outputs</a>
<div class='log' id="Output-1554303114">
shoppingcart logo is presnet=true<br/>
</div>
</td>
<td></td>
<td>0</td>
<td>testcases.InventoryPageTest@795509d9</td></tr>
<tr>
<td title='testcases.InventoryPageTest.verifyProductsTxtTest()'><b>verifyProductsTxtTest</b><br>Test class: testcases.InventoryPageTest<br/>
<a href="#Output-1813769162" onClick='toggleBox("Output-1813769162", this, "Show output", "Hide output");'>Show output</a>

<a href="#Output-1813769162" onClick="toggleAllBoxes();">Show all outputs</a>
<div class='log' id="Output-1813769162">
Products txt is: Products<br/>
</div>
</td>
<td></td>
<td>0</td>
<td>testcases.InventoryPageTest@795509d9</td></tr>
<tr>
<td title='testcases.InventoryPageTest.verifyShppingCartFunctionalityTest()'><b>verifyShppingCartFunctionalityTest</b><br>Test class: testcases.InventoryPageTest<br/>
<a href="#Output-1522236047" onClick='toggleBox("Output-1522236047", this, "Show output", "Hide output");'>Show output</a>

<a href="#Output-1522236047" onClick="toggleAllBoxes();">Show all outputs</a>
<div class='log' id="Output-1522236047">
Navigate to shopping cart Page=https://www.saucedemo.com/cart.html<br/>
</div>
</td>
<td></td>
<td>1</td>
<td>testcases.InventoryPageTest@795509d9</td></tr>
<tr>
<td title='testcases.CheckoutPageTest.verifyErrorMsgForFirstNameTest()'><b>verifyErrorMsgForFirstNameTest</b><br>Test class: testcases.CheckoutPageTest<br/>
<a href="#Output-1560671315" onClick='toggleBox("Output-1560671315", this, "Show output", "Hide output");'>Show output</a>

<a href="#Output-1560671315" onClick="toggleAllBoxes();">Show all outputs</a>
<div class='log' id="Output-1560671315">
error msg if first name  text box is empty=Error: First Name is required<br/>
</div>
</td>
<td></td>
<td>0</td>
<td>testcases.CheckoutPageTest@2892d68</td></tr>
<tr>
<td title='testcases.InventoryPageTest.add6ProductsTest()'><b>add6ProductsTest</b><br>Test class: testcases.InventoryPageTest<br/>
<a href="#Output-1533434416" onClick='toggleBox("Output-1533434416", this, "Show output", "Hide output");'>Show output</a>

<a href="#Output-1533434416" onClick="toggleAllBoxes();">Show all outputs</a>
<div class='log' id="Output-1533434416">
Added 6 Product=6<br/>
</div>
</td>
<td></td>
<td>7</td>
<td>testcases.InventoryPageTest@795509d9</td></tr>
<tr>
<td title='testcases.InventoryPageTest.remove2ProductsTest()'><b>remove2ProductsTest</b><br>Test class: testcases.InventoryPageTest<br/>
<a href="#Output-52505597" onClick='toggleBox("Output-52505597", this, "Show output", "Hide output");'>Show output</a>

<a href="#Output-52505597" onClick="toggleAllBoxes();">Show all outputs</a>
<div class='log' id="Output-52505597">
remove 2 Product=4<br/>
</div>
</td>
<td></td>
<td>9</td>
<td>testcases.InventoryPageTest@795509d9</td></tr>
<tr>
<td title='testcases.CheckoutPageTest.verifyErrorMsgForPostalCodeTest()'><b>verifyErrorMsgForPostalCodeTest</b><br>Test class: testcases.CheckoutPageTest<br/>
<a href="#Output-1415390560" onClick='toggleBox("Output-1415390560", this, "Show output", "Hide output");'>Show output</a>

<a href="#Output-1415390560" onClick="toggleAllBoxes();">Show all outputs</a>
<div class='log' id="Output-1415390560">
error msg if postal text box is empty=Error: Postal Code is required<br/>
</div>
</td>
<td></td>
<td>0</td>
<td>testcases.CheckoutPageTest@2892d68</td></tr>
<tr>
<td title='testcases.InventoryPageTest.verifyFacebookLogoTest()'><b>verifyFacebookLogoTest</b><br>Test class: testcases.InventoryPageTest<br/>
<a href="#Output-891215395" onClick='toggleBox("Output-891215395", this, "Show output", "Hide output");'>Show output</a>

<a href="#Output-891215395" onClick="toggleAllBoxes();">Show all outputs</a>
<div class='log' id="Output-891215395">
facebook logo is presnet=true<br/>
</div>
</td>
<td></td>
<td>0</td>
<td>testcases.InventoryPageTest@795509d9</td></tr>
<tr>
<td title='testcases.CheckoutPageTest.verifyCheckoutYourInformationTxtTest()'><b>verifyCheckoutYourInformationTxtTest</b><br>Test class: testcases.CheckoutPageTest<br/>
<a href="#Output-176376157" onClick='toggleBox("Output-176376157", this, "Show output", "Hide output");'>Show output</a>

<a href="#Output-176376157" onClick="toggleAllBoxes();">Show all outputs</a>
<div class='log' id="Output-176376157">
your information txt on checkout page=Checkout: Your Information<br/>
</div>
</td>
<td></td>
<td>0</td>
<td>testcases.CheckoutPageTest@2892d68</td></tr>
<tr>
<td title='testcases.InventoryPageTest.verifyTwitterLogoTest()'><b>verifyTwitterLogoTest</b><br>Test class: testcases.InventoryPageTest<br/>
<a href="#Output-623169658" onClick='toggleBox("Output-623169658", this, "Show output", "Hide output");'>Show output</a>

<a href="#Output-623169658" onClick="toggleAllBoxes();">Show all outputs</a>
<div class='log' id="Output-623169658">
twitter logo is presnet=true<br/>
</div>
</td>
<td></td>
<td>0</td>
<td>testcases.InventoryPageTest@795509d9</td></tr>
<tr>
<td title='testcases.CheckoutPageTest.verifyCancleBtnTxtTest()'><b>verifyCancleBtnTxtTest</b><br>Test class: testcases.CheckoutPageTest<br/>
<a href="#Output-366226635" onClick='toggleBox("Output-366226635", this, "Show output", "Hide output");'>Show output</a>

<a href="#Output-366226635" onClick="toggleAllBoxes();">Show all outputs</a>
<div class='log' id="Output-366226635">
cancel button  txt on checkout page=Cancel<br/>
</div>
</td>
<td></td>
<td>0</td>
<td>testcases.CheckoutPageTest@2892d68</td></tr>
</table><p>
</body>
</html>