<?xml version="1.0" encoding="UTF-8"?>
<testng-results ignored="3" total="9" passed="5" failed="1" skipped="0">
  <reporter-output>
  </reporter-output>
  <suite started-at="2025-02-11T22:13:50 IST" name="Default suite" finished-at="2025-02-11T22:14:21 IST" duration-ms="31145">
    <groups>
    </groups>
    <test started-at="2025-02-11T22:13:50 IST" name="Default test" finished-at="2025-02-11T22:14:21 IST" duration-ms="31145">
      <class name="testcases.LoginPageTest">
        <test-method is-config="true" signature="setUp()[pri:0, instance:testcases.LoginPageTest@1bab8268]" started-at="2025-02-11T22:13:50 IST" name="setUp" finished-at="2025-02-11T22:13:55 IST" duration-ms="4479" status="PASS">
          <reporter-output>
          </reporter-output>
        </test-method> <!-- setUp -->
        <test-method signature="verifyLoginPageWithMultipleUsersTest(java.lang.String,java.lang.String)[pri:0, instance:testcases.LoginPageTest@1bab8268]" started-at="2025-02-11T22:13:55 IST" name="verifyLoginPageWithMultipleUsersTest" data-provider="credForLogin" finished-at="2025-02-11T22:13:55 IST" duration-ms="711" status="PASS">
          <params>
            <param index="0">
              <value>
                <![CDATA[standard_user]]>
              </value>
            </param>
            <param index="1">
              <value>
                <![CDATA[secret_sauce]]>
              </value>
            </param>
          </params>
          <reporter-output>
          </reporter-output>
        </test-method> <!-- verifyLoginPageWithMultipleUsersTest -->
        <test-method is-config="true" signature="closeBrowser(org.testng.ITestResult)[pri:0, instance:testcases.LoginPageTest@1bab8268]" started-at="2025-02-11T22:13:55 IST" name="closeBrowser" finished-at="2025-02-11T22:13:56 IST" duration-ms="357" status="PASS">
          <params>
            <param index="0">
              <value>
                <![CDATA[[TestResult name=verifyLoginPageWithMultipleUsersTest status=SUCCESS method=LoginPageTest.verifyLoginPageWithMultipleUsersTest(java.lang.String,java.lang.String)[pri:0, instance:testcases.LoginPageTest@1bab8268] output={null}]]]>
              </value>
            </param>
          </params>
          <reporter-output>
          </reporter-output>
        </test-method> <!-- closeBrowser -->
        <test-method is-config="true" signature="setUp()[pri:0, instance:testcases.LoginPageTest@1bab8268]" started-at="2025-02-11T22:13:56 IST" name="setUp" finished-at="2025-02-11T22:14:00 IST" duration-ms="4310" status="PASS">
          <reporter-output>
          </reporter-output>
        </test-method> <!-- setUp -->
        <test-method signature="verifyLoginPageWithMultipleUsersTest(java.lang.String,java.lang.String)[pri:0, instance:testcases.LoginPageTest@1bab8268]" started-at="2025-02-11T22:14:00 IST" name="verifyLoginPageWithMultipleUsersTest" data-provider="credForLogin" finished-at="2025-02-11T22:14:01 IST" duration-ms="453" status="FAIL">
          <params>
            <param index="0">
              <value>
                <![CDATA[locked_out_user]]>
              </value>
            </param>
            <param index="1">
              <value>
                <![CDATA[secret_sauce]]>
              </value>
            </param>
          </params>
          <exception class="java.lang.AssertionError">
            <message>
              <![CDATA[The following asserts failed:
expected [https://www.saucedemo.com/] but found [https://www.saucedemo.com/inventory.html]]]>
            </message>
            <full-stacktrace>
              <![CDATA[java.lang.AssertionError: The following asserts failed:
expected [https://www.saucedemo.com/] but found [https://www.saucedemo.com/inventory.html]
at org.testng.asserts.SoftAssert.assertAll(SoftAssert.java:46)
at org.testng.asserts.SoftAssert.assertAll(SoftAssert.java:30)
at testcases.LoginPageTest.verifyLoginPageWithMultipleUsersTest(LoginPageTest.java:70)
at java.base/jdk.internal.reflect.NativeMethodAccessorImpl.invoke0(Native Method)
at java.base/jdk.internal.reflect.NativeMethodAccessorImpl.invoke(NativeMethodAccessorImpl.java:77)
at java.base/jdk.internal.reflect.DelegatingMethodAccessorImpl.invoke(DelegatingMethodAccessorImpl.java:43)
at java.base/java.lang.reflect.Method.invoke(Method.java:568)
at org.testng.internal.invokers.MethodInvocationHelper.invokeMethod(MethodInvocationHelper.java:139)
at org.testng.internal.invokers.TestInvoker.invokeMethod(TestInvoker.java:677)
at org.testng.internal.invokers.TestInvoker.invokeTestMethod(TestInvoker.java:221)
at org.testng.internal.invokers.MethodRunner.runInSequence(MethodRunner.java:50)
at org.testng.internal.invokers.TestInvoker$MethodInvocationAgent.invoke(TestInvoker.java:969)
at org.testng.internal.invokers.TestInvoker.invokeTestMethods(TestInvoker.java:194)
at org.testng.internal.invokers.TestMethodWorker.invokeTestMethods(TestMethodWorker.java:148)
at org.testng.internal.invokers.TestMethodWorker.run(TestMethodWorker.java:128)
at java.base/java.util.ArrayList.forEach(ArrayList.java:1511)
at org.testng.TestRunner.privateRun(TestRunner.java:829)
at org.testng.TestRunner.run(TestRunner.java:602)
at org.testng.SuiteRunner.runTest(SuiteRunner.java:437)
at org.testng.SuiteRunner.runSequentially(SuiteRunner.java:431)
at org.testng.SuiteRunner.privateRun(SuiteRunner.java:391)
at org.testng.SuiteRunner.run(SuiteRunner.java:330)
at org.testng.SuiteRunnerWorker.runSuite(SuiteRunnerWorker.java:52)
at org.testng.SuiteRunnerWorker.run(SuiteRunnerWorker.java:95)
at org.testng.TestNG.runSuitesSequentially(TestNG.java:1256)
at org.testng.TestNG.runSuitesLocally(TestNG.java:1176)
at org.testng.TestNG.runSuites(TestNG.java:1099)
at org.testng.TestNG.run(TestNG.java:1067)
at org.testng.remote.AbstractRemoteTestNG.run(AbstractRemoteTestNG.java:115)
at org.testng.remote.RemoteTestNG.initAndRun(RemoteTestNG.java:293)
at org.testng.remote.RemoteTestNG.main(RemoteTestNG.java:91)
]]>
            </full-stacktrace>
          </exception> <!-- java.lang.AssertionError -->
          <reporter-output>
          </reporter-output>
        </test-method> <!-- verifyLoginPageWithMultipleUsersTest -->
        <test-method is-config="true" signature="closeBrowser(org.testng.ITestResult)[pri:0, instance:testcases.LoginPageTest@1bab8268]" started-at="2025-02-11T22:14:01 IST" name="closeBrowser" finished-at="2025-02-11T22:14:01 IST" duration-ms="310" status="PASS">
          <params>
            <param index="0">
              <value>
                <![CDATA[[TestResult name=verifyLoginPageWithMultipleUsersTest status=FAILURE method=LoginPageTest.verifyLoginPageWithMultipleUsersTest(java.lang.String,java.lang.String)[pri:0, instance:testcases.LoginPageTest@1bab8268] output={null}]]]>
              </value>
            </param>
          </params>
          <reporter-output>
          </reporter-output>
        </test-method> <!-- closeBrowser -->
        <test-method is-config="true" signature="setUp()[pri:0, instance:testcases.LoginPageTest@1bab8268]" started-at="2025-02-11T22:14:01 IST" name="setUp" finished-at="2025-02-11T22:14:03 IST" duration-ms="1736" status="PASS">
          <reporter-output>
          </reporter-output>
        </test-method> <!-- setUp -->
        <test-method signature="verifyLoginPageWithMultipleUsersTest(java.lang.String,java.lang.String)[pri:0, instance:testcases.LoginPageTest@1bab8268]" started-at="2025-02-11T22:14:03 IST" name="verifyLoginPageWithMultipleUsersTest" data-provider="credForLogin" finished-at="2025-02-11T22:14:04 IST" duration-ms="1380" status="PASS">
          <params>
            <param index="0">
              <value>
                <![CDATA[problem_user]]>
              </value>
            </param>
            <param index="1">
              <value>
                <![CDATA[secret_sauce]]>
              </value>
            </param>
          </params>
          <reporter-output>
          </reporter-output>
        </test-method> <!-- verifyLoginPageWithMultipleUsersTest -->
        <test-method is-config="true" signature="closeBrowser(org.testng.ITestResult)[pri:0, instance:testcases.LoginPageTest@1bab8268]" started-at="2025-02-11T22:14:04 IST" name="closeBrowser" finished-at="2025-02-11T22:14:04 IST" duration-ms="283" status="PASS">
          <params>
            <param index="0">
              <value>
                <![CDATA[[TestResult name=verifyLoginPageWithMultipleUsersTest status=SUCCESS method=LoginPageTest.verifyLoginPageWithMultipleUsersTest(java.lang.String,java.lang.String)[pri:0, instance:testcases.LoginPageTest@1bab8268] output={null}]]]>
              </value>
            </param>
          </params>
          <reporter-output>
          </reporter-output>
        </test-method> <!-- closeBrowser -->
        <test-method is-config="true" signature="setUp()[pri:0, instance:testcases.LoginPageTest@1bab8268]" started-at="2025-02-11T22:14:04 IST" name="setUp" finished-at="2025-02-11T22:14:06 IST" duration-ms="1965" status="PASS">
          <reporter-output>
          </reporter-output>
        </test-method> <!-- setUp -->
        <test-method signature="verifyLoginPageWithMultipleUsersTest(java.lang.String,java.lang.String)[pri:0, instance:testcases.LoginPageTest@1bab8268]" started-at="2025-02-11T22:14:06 IST" name="verifyLoginPageWithMultipleUsersTest" data-provider="credForLogin" finished-at="2025-02-11T22:14:13 IST" duration-ms="6752" status="PASS">
          <params>
            <param index="0">
              <value>
                <![CDATA[performance_glitch_user]]>
              </value>
            </param>
            <param index="1">
              <value>
                <![CDATA[secret_sauce]]>
              </value>
            </param>
          </params>
          <reporter-output>
          </reporter-output>
        </test-method> <!-- verifyLoginPageWithMultipleUsersTest -->
        <test-method is-config="true" signature="closeBrowser(org.testng.ITestResult)[pri:0, instance:testcases.LoginPageTest@1bab8268]" started-at="2025-02-11T22:14:13 IST" name="closeBrowser" finished-at="2025-02-11T22:14:13 IST" duration-ms="228" status="PASS">
          <params>
            <param index="0">
              <value>
                <![CDATA[[TestResult name=verifyLoginPageWithMultipleUsersTest status=SUCCESS method=LoginPageTest.verifyLoginPageWithMultipleUsersTest(java.lang.String,java.lang.String)[pri:0, instance:testcases.LoginPageTest@1bab8268] output={null}]]]>
              </value>
            </param>
          </params>
          <reporter-output>
          </reporter-output>
        </test-method> <!-- closeBrowser -->
        <test-method is-config="true" signature="setUp()[pri:0, instance:testcases.LoginPageTest@1bab8268]" started-at="2025-02-11T22:14:13 IST" name="setUp" finished-at="2025-02-11T22:14:16 IST" duration-ms="2504" status="PASS">
          <reporter-output>
          </reporter-output>
        </test-method> <!-- setUp -->
        <test-method signature="verifyLoginPageWithMultipleUsersTest(java.lang.String,java.lang.String)[pri:0, instance:testcases.LoginPageTest@1bab8268]" started-at="2025-02-11T22:14:16 IST" name="verifyLoginPageWithMultipleUsersTest" data-provider="credForLogin" finished-at="2025-02-11T22:14:17 IST" duration-ms="854" status="PASS">
          <params>
            <param index="0">
              <value>
                <![CDATA[error_user]]>
              </value>
            </param>
            <param index="1">
              <value>
                <![CDATA[secret_sauce]]>
              </value>
            </param>
          </params>
          <reporter-output>
          </reporter-output>
        </test-method> <!-- verifyLoginPageWithMultipleUsersTest -->
        <test-method is-config="true" signature="closeBrowser(org.testng.ITestResult)[pri:0, instance:testcases.LoginPageTest@1bab8268]" started-at="2025-02-11T22:14:17 IST" name="closeBrowser" finished-at="2025-02-11T22:14:17 IST" duration-ms="261" status="PASS">
          <params>
            <param index="0">
              <value>
                <![CDATA[[TestResult name=verifyLoginPageWithMultipleUsersTest status=SUCCESS method=LoginPageTest.verifyLoginPageWithMultipleUsersTest(java.lang.String,java.lang.String)[pri:0, instance:testcases.LoginPageTest@1bab8268] output={null}]]]>
              </value>
            </param>
          </params>
          <reporter-output>
          </reporter-output>
        </test-method> <!-- closeBrowser -->
        <test-method is-config="true" signature="setUp()[pri:0, instance:testcases.LoginPageTest@1bab8268]" started-at="2025-02-11T22:14:17 IST" name="setUp" finished-at="2025-02-11T22:14:21 IST" duration-ms="3734" status="PASS">
          <reporter-output>
          </reporter-output>
        </test-method> <!-- setUp -->
        <test-method signature="verifyLoginPageWithMultipleUsersTest(java.lang.String,java.lang.String)[pri:0, instance:testcases.LoginPageTest@1bab8268]" started-at="2025-02-11T22:14:21 IST" name="verifyLoginPageWithMultipleUsersTest" data-provider="credForLogin" finished-at="2025-02-11T22:14:21 IST" duration-ms="467" status="PASS">
          <params>
            <param index="0">
              <value>
                <![CDATA[visual_user]]>
              </value>
            </param>
            <param index="1">
              <value>
                <![CDATA[secret_sauce]]>
              </value>
            </param>
          </params>
          <reporter-output>
          </reporter-output>
        </test-method> <!-- verifyLoginPageWithMultipleUsersTest -->
        <test-method is-config="true" signature="closeBrowser(org.testng.ITestResult)[pri:0, instance:testcases.LoginPageTest@1bab8268]" started-at="2025-02-11T22:14:21 IST" name="closeBrowser" finished-at="2025-02-11T22:14:21 IST" duration-ms="224" status="PASS">
          <params>
            <param index="0">
              <value>
                <![CDATA[[TestResult name=verifyLoginPageWithMultipleUsersTest status=SUCCESS method=LoginPageTest.verifyLoginPageWithMultipleUsersTest(java.lang.String,java.lang.String)[pri:0, instance:testcases.LoginPageTest@1bab8268] output={null}]]]>
              </value>
            </param>
          </params>
          <reporter-output>
          </reporter-output>
        </test-method> <!-- closeBrowser -->
      </class> <!-- testcases.LoginPageTest -->
    </test> <!-- Default test -->
  </suite> <!-- Default suite -->
</testng-results>
